<?xml version="1.0" encoding="UTF-8"?>
<!-- Generated by org.testng.reporters.JUnitReportReporter -->
<testsuite hostname="LP1-AP-51961818" failures="0" tests="3" name="com.CRM.TestCases.HomePageTestCase" time="1.127" errors="0" timestamp="2024-07-17T18:09:04 IST" skipped="0">
  <testcase classname="com.CRM.TestCases.HomePageTestCase" name="verifyUrl" time="0.020"/>
  <system-out/>
  <testcase classname="com.CRM.TestCases.HomePageTestCase" name="verifyTitle" time="0.025"/>
  <system-out/>
  <testcase classname="com.CRM.TestCases.HomePageTestCase" name="verifySignInLink" time="1.082"/>
  <system-out/>
</testsuite> <!-- com.CRM.TestCases.HomePageTestCase -->
