<?xml version="1.0" encoding="UTF-8"?>
<!-- Generated by org.testng.reporters.JUnitReportReporter -->
<testsuite hostname="LP1-AP-51961818" failures="0" tests="1" name="com.CRM.TestCases.LoginPageTestCase" time="1.310" errors="0" timestamp="2024-07-17T18:09:04 IST" skipped="0">
  <testcase classname="com.CRM.TestCases.LoginPageTestCase" name="verifyLogin" time="1.310"/>
  <system-out/>
</testsuite> <!-- com.CRM.TestCases.LoginPageTestCase -->
