<?xml version="1.0" encoding="UTF-8"?>
<!-- Generated by org.testng.reporters.JUnitReportReporter -->
<testsuite hostname="LP1-AP-51961818" failures="0" tests="3" name="com.CRM.TestCases.HomePageTestCase" time="1.054" errors="0" timestamp="2024-07-18T11:46:28 IST" skipped="0">
  <testcase classname="com.CRM.TestCases.HomePageTestCase" name="verifyUrl" time="0.012"/>
  <system-out/>
  <testcase classname="com.CRM.TestCases.HomePageTestCase" name="verifyTitle" time="0.005"/>
  <system-out/>
  <testcase classname="com.CRM.TestCases.HomePageTestCase" name="verifySignInLink" time="1.037"/>
  <system-out/>
</testsuite> <!-- com.CRM.TestCases.HomePageTestCase -->
